[2025-05-01 11:27:29,859: INFO: main: Welcome to info]
[2025-05-05 17:18:38,038: INFO: common: yaml file: config\config.yaml loaded successfully]
[2025-05-05 17:18:38,101: INFO: common: yaml file: params.yaml loaded successfully]
[2025-05-05 17:18:38,101: INFO: common: created directory at: artifacts]
[2025-05-05 17:18:38,101: INFO: common: created directory at: artifacts/data_ingestion]
[2025-05-05 17:18:38,101: INFO: 986331348: Downloading data from https://drive.google.com/file/d/1jLXfLmgCk23re3jmy7GeTviZq6BFnaDh/view?usp=drive_link into file artifacts/data_ingestion/data.zip]
[2025-05-05 17:18:52,978: INFO: 986331348: Downloaded data from https://drive.google.com/file/d/1jLXfLmgCk23re3jmy7GeTviZq6BFnaDh/view?usp=drive_link into file artifacts/data_ingestion/data.zip]
[2025-05-05 17:56:13,190: INFO: main: >>>>>> stage Data Ingestion stage started <<<<<<]
[2025-05-05 17:56:13,206: INFO: common: yaml file: config\config.yaml loaded successfully]
[2025-05-05 17:56:13,206: INFO: common: yaml file: params.yaml loaded successfully]
[2025-05-05 17:56:13,206: INFO: common: created directory at: artifacts]
[2025-05-05 17:56:13,206: INFO: common: created directory at: artifacts/data_ingestion]
[2025-05-05 17:56:13,206: INFO: data_ingestion_01: Downloading data from https://drive.google.com/file/d/1jLXfLmgCk23re3jmy7GeTviZq6BFnaDh/view?usp=drive_link into file artifacts/data_ingestion/data.zip]
[2025-05-05 17:56:30,421: INFO: data_ingestion_01: Downloaded data from https://drive.google.com/file/d/1jLXfLmgCk23re3jmy7GeTviZq6BFnaDh/view?usp=drive_link into file artifacts/data_ingestion/data.zip]
[2025-05-05 17:56:31,482: INFO: main: >>>>>> stage Data Ingestion stage completed <<<<<<

x==========x]
[2025-05-06 18:16:58,829: INFO: main: >>>>>> stage Data Ingestion stage started <<<<<<]
[2025-05-06 18:16:58,829: INFO: common: yaml file: config\config.yaml loaded successfully]
[2025-05-06 18:16:58,842: INFO: common: yaml file: params.yaml loaded successfully]
[2025-05-06 18:16:58,842: INFO: common: created directory at: artifacts]
[2025-05-06 18:16:58,846: INFO: common: created directory at: artifacts/data_ingestion]
[2025-05-06 18:16:58,846: INFO: data_ingestion_01: Downloading data from https://drive.google.com/file/d/1jLXfLmgCk23re3jmy7GeTviZq6BFnaDh/view?usp=drive_link into file artifacts/data_ingestion/data.zip]
[2025-05-06 18:17:10,943: INFO: data_ingestion_01: Downloaded data from https://drive.google.com/file/d/1jLXfLmgCk23re3jmy7GeTviZq6BFnaDh/view?usp=drive_link into file artifacts/data_ingestion/data.zip]
[2025-05-06 18:17:11,602: INFO: main: >>>>>> stage Data Ingestion stage completed <<<<<<

x==========x]
[2025-05-06 18:17:11,602: INFO: main: *******************]
[2025-05-06 18:17:11,602: INFO: main: >>>>>> stage Prepare base model started <<<<<<]
[2025-05-06 18:17:11,608: INFO: common: yaml file: config\config.yaml loaded successfully]
[2025-05-06 18:17:11,613: INFO: common: yaml file: params.yaml loaded successfully]
[2025-05-06 18:17:11,613: INFO: common: created directory at: artifacts]
[2025-05-06 18:17:11,613: INFO: common: created directory at: artifacts/prepare_base_model]
[2025-05-06 18:17:12,424: WARNING: saving_api: You are saving your model as an HDF5 file via `model.save()` or `keras.saving.save_model(model)`. This file format is considered legacy. We recommend using instead the native Keras format, e.g. `model.save('my_model.keras')` or `keras.saving.save_model(model, 'my_model.keras')`. ]
[2025-05-06 18:17:12,600: WARNING: saving_api: You are saving your model as an HDF5 file via `model.save()` or `keras.saving.save_model(model)`. This file format is considered legacy. We recommend using instead the native Keras format, e.g. `model.save('my_model.keras')` or `keras.saving.save_model(model, 'my_model.keras')`. ]
[2025-05-06 18:17:12,743: INFO: main: >>>>>> stage Prepare base model completed <<<<<<

x==========x]
[2025-05-06 18:55:47,498: INFO: main: >>>>>> stage Data Ingestion stage started <<<<<<]
[2025-05-06 18:55:47,514: INFO: common: yaml file: config\config.yaml loaded successfully]
[2025-05-06 18:55:47,525: INFO: common: yaml file: params.yaml loaded successfully]
[2025-05-06 18:55:47,526: INFO: common: created directory at: artifacts]
[2025-05-06 18:55:47,528: INFO: common: created directory at: artifacts/data_ingestion]
[2025-05-06 18:55:47,529: INFO: data_ingestion_01: Downloading data from https://drive.google.com/file/d/1jLXfLmgCk23re3jmy7GeTviZq6BFnaDh/view?usp=drive_link into file artifacts/data_ingestion/data.zip]
[2025-05-06 18:55:55,997: INFO: data_ingestion_01: Downloaded data from https://drive.google.com/file/d/1jLXfLmgCk23re3jmy7GeTviZq6BFnaDh/view?usp=drive_link into file artifacts/data_ingestion/data.zip]
[2025-05-06 18:55:56,916: INFO: main: >>>>>> stage Data Ingestion stage completed <<<<<<

x==========x]
[2025-05-06 18:55:56,916: INFO: main: *******************]
[2025-05-06 18:55:56,916: INFO: main: >>>>>> stage Prepare base model started <<<<<<]
[2025-05-06 18:55:56,932: INFO: common: yaml file: config\config.yaml loaded successfully]
[2025-05-06 18:55:56,932: INFO: common: yaml file: params.yaml loaded successfully]
[2025-05-06 18:55:56,932: INFO: common: created directory at: artifacts]
[2025-05-06 18:55:56,937: INFO: common: created directory at: artifacts/prepare_base_model]
[2025-05-06 18:55:57,525: WARNING: saving_api: You are saving your model as an HDF5 file via `model.save()` or `keras.saving.save_model(model)`. This file format is considered legacy. We recommend using instead the native Keras format, e.g. `model.save('my_model.keras')` or `keras.saving.save_model(model, 'my_model.keras')`. ]
[2025-05-06 18:55:57,685: WARNING: saving_api: You are saving your model as an HDF5 file via `model.save()` or `keras.saving.save_model(model)`. This file format is considered legacy. We recommend using instead the native Keras format, e.g. `model.save('my_model.keras')` or `keras.saving.save_model(model, 'my_model.keras')`. ]
[2025-05-06 18:55:57,855: INFO: main: >>>>>> stage Prepare base model completed <<<<<<

x==========x]
[2025-05-06 18:56:06,704: INFO: main: >>>>>> stage Data Ingestion stage started <<<<<<]
[2025-05-06 18:56:06,704: INFO: common: yaml file: config\config.yaml loaded successfully]
[2025-05-06 18:56:06,704: INFO: common: yaml file: params.yaml loaded successfully]
[2025-05-06 18:56:06,704: INFO: common: created directory at: artifacts]
[2025-05-06 18:56:06,704: INFO: common: created directory at: artifacts/data_ingestion]
[2025-05-06 18:56:06,704: INFO: data_ingestion_01: Downloading data from https://drive.google.com/file/d/1jLXfLmgCk23re3jmy7GeTviZq6BFnaDh/view?usp=drive_link into file artifacts/data_ingestion/data.zip]
[2025-05-06 18:56:17,964: INFO: data_ingestion_01: Downloaded data from https://drive.google.com/file/d/1jLXfLmgCk23re3jmy7GeTviZq6BFnaDh/view?usp=drive_link into file artifacts/data_ingestion/data.zip]
[2025-05-06 18:56:18,527: INFO: main: >>>>>> stage Data Ingestion stage completed <<<<<<

x==========x]
[2025-05-06 18:56:18,527: INFO: main: *******************]
[2025-05-06 18:56:18,527: INFO: main: >>>>>> stage Prepare base model started <<<<<<]
[2025-05-06 18:56:18,527: INFO: common: yaml file: config\config.yaml loaded successfully]
[2025-05-06 18:56:18,527: INFO: common: yaml file: params.yaml loaded successfully]
[2025-05-06 18:56:18,527: INFO: common: created directory at: artifacts]
[2025-05-06 18:56:18,527: INFO: common: created directory at: artifacts/prepare_base_model]
[2025-05-06 18:56:19,076: WARNING: saving_api: You are saving your model as an HDF5 file via `model.save()` or `keras.saving.save_model(model)`. This file format is considered legacy. We recommend using instead the native Keras format, e.g. `model.save('my_model.keras')` or `keras.saving.save_model(model, 'my_model.keras')`. ]
[2025-05-06 18:56:19,277: WARNING: saving_api: You are saving your model as an HDF5 file via `model.save()` or `keras.saving.save_model(model)`. This file format is considered legacy. We recommend using instead the native Keras format, e.g. `model.save('my_model.keras')` or `keras.saving.save_model(model, 'my_model.keras')`. ]
[2025-05-06 18:56:19,392: INFO: main: >>>>>> stage Prepare base model completed <<<<<<

x==========x]
[2025-05-07 17:03:53,988: INFO: common: yaml file: config\config.yaml loaded successfully]
[2025-05-07 17:03:54,004: INFO: common: yaml file: params.yaml loaded successfully]
[2025-05-07 17:03:54,022: INFO: common: created directory at: artifacts]
[2025-05-07 17:03:54,024: INFO: common: created directory at: artifacts\training]
[2025-05-07 17:03:54,628: WARNING: saving_utils: Compiled the loaded model, but the compiled metrics have yet to be built. `model.compile_metrics` will be empty until you train or evaluate the model.]
[2025-05-07 17:05:05,094: WARNING: saving_api: You are saving your model as an HDF5 file via `model.save()` or `keras.saving.save_model(model)`. This file format is considered legacy. We recommend using instead the native Keras format, e.g. `model.save('my_model.keras')` or `keras.saving.save_model(model, 'my_model.keras')`. ]
[2025-05-07 17:23:28,609: INFO: main: >>>>>> stage Data Ingestion stage started <<<<<<]
[2025-05-07 17:23:28,614: INFO: common: yaml file: config\config.yaml loaded successfully]
[2025-05-07 17:23:28,614: INFO: common: yaml file: params.yaml loaded successfully]
[2025-05-07 17:23:28,614: INFO: common: created directory at: artifacts]
[2025-05-07 17:23:28,614: INFO: common: created directory at: artifacts/data_ingestion]
[2025-05-07 17:23:28,614: INFO: data_ingestion_01: Downloading data from https://drive.google.com/file/d/1jLXfLmgCk23re3jmy7GeTviZq6BFnaDh/view?usp=drive_link into file artifacts/data_ingestion/data.zip]
[2025-05-07 17:24:06,645: INFO: data_ingestion_01: Downloaded data from https://drive.google.com/file/d/1jLXfLmgCk23re3jmy7GeTviZq6BFnaDh/view?usp=drive_link into file artifacts/data_ingestion/data.zip]
[2025-05-07 17:24:07,407: INFO: main: >>>>>> stage Data Ingestion stage completed <<<<<<

x==========x]
[2025-05-07 17:24:07,407: INFO: main: *******************]
[2025-05-07 17:24:07,407: INFO: main: >>>>>> stage Prepare base model started <<<<<<]
[2025-05-07 17:24:07,407: INFO: common: yaml file: config\config.yaml loaded successfully]
[2025-05-07 17:24:07,407: INFO: common: yaml file: params.yaml loaded successfully]
[2025-05-07 17:24:07,407: INFO: common: created directory at: artifacts]
[2025-05-07 17:24:07,407: INFO: common: created directory at: artifacts/prepare_base_model]
[2025-05-07 17:24:07,880: WARNING: saving_api: You are saving your model as an HDF5 file via `model.save()` or `keras.saving.save_model(model)`. This file format is considered legacy. We recommend using instead the native Keras format, e.g. `model.save('my_model.keras')` or `keras.saving.save_model(model, 'my_model.keras')`. ]
[2025-05-07 17:24:08,042: WARNING: saving_api: You are saving your model as an HDF5 file via `model.save()` or `keras.saving.save_model(model)`. This file format is considered legacy. We recommend using instead the native Keras format, e.g. `model.save('my_model.keras')` or `keras.saving.save_model(model, 'my_model.keras')`. ]
[2025-05-07 17:24:08,178: INFO: main: >>>>>> stage Prepare base model completed <<<<<<

x==========x]
[2025-05-07 17:24:08,186: INFO: main: *******************]
[2025-05-07 17:24:08,186: INFO: main: >>>>>> stage Training started <<<<<<]
[2025-05-07 17:24:08,186: INFO: common: yaml file: config\config.yaml loaded successfully]
[2025-05-07 17:24:08,186: INFO: common: yaml file: params.yaml loaded successfully]
[2025-05-07 17:24:08,186: INFO: common: created directory at: artifacts]
[2025-05-07 17:24:08,192: INFO: common: created directory at: artifacts\training]
[2025-05-07 17:24:08,363: WARNING: saving_utils: Compiled the loaded model, but the compiled metrics have yet to be built. `model.compile_metrics` will be empty until you train or evaluate the model.]
[2025-05-07 17:25:12,003: WARNING: saving_api: You are saving your model as an HDF5 file via `model.save()` or `keras.saving.save_model(model)`. This file format is considered legacy. We recommend using instead the native Keras format, e.g. `model.save('my_model.keras')` or `keras.saving.save_model(model, 'my_model.keras')`. ]
[2025-05-07 17:25:12,084: INFO: main: >>>>>> stage Training completed <<<<<<

x==========x]
[2025-05-08 17:11:49,476: INFO: main: >>>>>> stage Data Ingestion stage started <<<<<<]
[2025-05-08 17:11:49,494: INFO: common: yaml file: config\config.yaml loaded successfully]
[2025-05-08 17:11:49,507: INFO: common: yaml file: params.yaml loaded successfully]
[2025-05-08 17:11:49,509: INFO: common: created directory at: artifacts]
[2025-05-08 17:11:49,509: INFO: common: created directory at: artifacts/data_ingestion]
[2025-05-08 17:11:49,509: INFO: data_ingestion_01: Downloading data from https://drive.google.com/file/d/1jLXfLmgCk23re3jmy7GeTviZq6BFnaDh/view?usp=drive_link into file artifacts/data_ingestion/data.zip]
[2025-05-08 17:12:05,364: INFO: data_ingestion_01: Downloaded data from https://drive.google.com/file/d/1jLXfLmgCk23re3jmy7GeTviZq6BFnaDh/view?usp=drive_link into file artifacts/data_ingestion/data.zip]
[2025-05-08 17:12:06,345: INFO: main: >>>>>> stage Data Ingestion stage completed <<<<<<

x==========x]
[2025-05-08 17:12:06,345: INFO: main: *******************]
[2025-05-08 17:12:06,345: INFO: main: >>>>>> stage Prepare base model started <<<<<<]
[2025-05-08 17:12:06,345: INFO: common: yaml file: config\config.yaml loaded successfully]
[2025-05-08 17:12:06,353: INFO: common: yaml file: params.yaml loaded successfully]
[2025-05-08 17:12:06,353: INFO: common: created directory at: artifacts]
[2025-05-08 17:12:06,353: INFO: common: created directory at: artifacts/prepare_base_model]
[2025-05-08 17:12:08,118: WARNING: saving_api: You are saving your model as an HDF5 file via `model.save()` or `keras.saving.save_model(model)`. This file format is considered legacy. We recommend using instead the native Keras format, e.g. `model.save('my_model.keras')` or `keras.saving.save_model(model, 'my_model.keras')`. ]
[2025-05-08 17:12:08,396: WARNING: saving_api: You are saving your model as an HDF5 file via `model.save()` or `keras.saving.save_model(model)`. This file format is considered legacy. We recommend using instead the native Keras format, e.g. `model.save('my_model.keras')` or `keras.saving.save_model(model, 'my_model.keras')`. ]
[2025-05-08 17:12:08,528: INFO: main: >>>>>> stage Prepare base model completed <<<<<<

x==========x]
[2025-05-08 17:12:08,528: INFO: main: *******************]
[2025-05-08 17:12:08,528: INFO: main: >>>>>> stage Training started <<<<<<]
[2025-05-08 17:12:08,528: INFO: common: yaml file: config\config.yaml loaded successfully]
[2025-05-08 17:12:08,528: INFO: common: yaml file: params.yaml loaded successfully]
[2025-05-08 17:12:08,528: INFO: common: created directory at: artifacts]
[2025-05-08 17:12:08,528: INFO: common: created directory at: artifacts\training]
[2025-05-08 17:12:08,694: WARNING: saving_utils: Compiled the loaded model, but the compiled metrics have yet to be built. `model.compile_metrics` will be empty until you train or evaluate the model.]
[2025-05-08 17:13:07,602: WARNING: saving_api: You are saving your model as an HDF5 file via `model.save()` or `keras.saving.save_model(model)`. This file format is considered legacy. We recommend using instead the native Keras format, e.g. `model.save('my_model.keras')` or `keras.saving.save_model(model, 'my_model.keras')`. ]
[2025-05-08 17:13:07,693: INFO: main: >>>>>> stage Training completed <<<<<<

x==========x]
[2025-05-08 18:11:34,389: INFO: main: >>>>>> stage Data Ingestion stage started <<<<<<]
[2025-05-08 18:11:34,399: INFO: common: yaml file: config\config.yaml loaded successfully]
[2025-05-08 18:11:34,434: INFO: common: yaml file: params.yaml loaded successfully]
[2025-05-08 18:11:34,436: INFO: common: created directory at: artifacts]
[2025-05-08 18:11:34,436: INFO: common: created directory at: artifacts/data_ingestion]
[2025-05-08 18:11:34,437: INFO: data_ingestion_01: Downloading data from https://drive.google.com/file/d/1jLXfLmgCk23re3jmy7GeTviZq6BFnaDh/view?usp=drive_link into file artifacts/data_ingestion/data.zip]
[2025-05-08 18:11:57,664: INFO: data_ingestion_01: Downloaded data from https://drive.google.com/file/d/1jLXfLmgCk23re3jmy7GeTviZq6BFnaDh/view?usp=drive_link into file artifacts/data_ingestion/data.zip]
[2025-05-08 18:11:58,463: INFO: main: >>>>>> stage Data Ingestion stage completed <<<<<<

x==========x]
[2025-05-08 18:11:58,463: INFO: main: *******************]
[2025-05-08 18:11:58,463: INFO: main: >>>>>> stage Prepare base model started <<<<<<]
[2025-05-08 18:11:58,463: INFO: common: yaml file: config\config.yaml loaded successfully]
[2025-05-08 18:11:58,463: INFO: common: yaml file: params.yaml loaded successfully]
[2025-05-08 18:11:58,463: INFO: common: created directory at: artifacts]
[2025-05-08 18:11:58,463: INFO: common: created directory at: artifacts/prepare_base_model]
[2025-05-08 18:11:58,908: WARNING: saving_api: You are saving your model as an HDF5 file via `model.save()` or `keras.saving.save_model(model)`. This file format is considered legacy. We recommend using instead the native Keras format, e.g. `model.save('my_model.keras')` or `keras.saving.save_model(model, 'my_model.keras')`. ]
[2025-05-08 18:11:59,072: WARNING: saving_api: You are saving your model as an HDF5 file via `model.save()` or `keras.saving.save_model(model)`. This file format is considered legacy. We recommend using instead the native Keras format, e.g. `model.save('my_model.keras')` or `keras.saving.save_model(model, 'my_model.keras')`. ]
[2025-05-08 18:11:59,224: INFO: main: >>>>>> stage Prepare base model completed <<<<<<

x==========x]
[2025-05-08 18:11:59,224: INFO: main: *******************]
[2025-05-08 18:11:59,224: INFO: main: >>>>>> stage Training started <<<<<<]
[2025-05-08 18:11:59,224: INFO: common: yaml file: config\config.yaml loaded successfully]
[2025-05-08 18:11:59,240: INFO: common: yaml file: params.yaml loaded successfully]
[2025-05-08 18:11:59,240: INFO: common: created directory at: artifacts]
[2025-05-08 18:11:59,240: INFO: common: created directory at: artifacts\training]
[2025-05-08 18:11:59,404: WARNING: saving_utils: Compiled the loaded model, but the compiled metrics have yet to be built. `model.compile_metrics` will be empty until you train or evaluate the model.]
[2025-05-08 18:13:03,124: WARNING: saving_api: You are saving your model as an HDF5 file via `model.save()` or `keras.saving.save_model(model)`. This file format is considered legacy. We recommend using instead the native Keras format, e.g. `model.save('my_model.keras')` or `keras.saving.save_model(model, 'my_model.keras')`. ]
[2025-05-08 18:13:03,231: INFO: main: >>>>>> stage Training completed <<<<<<

x==========x]
[2025-05-08 18:13:03,232: INFO: main: *******************]
[2025-05-08 18:13:03,232: INFO: main: >>>>>> stage Evaluation stage started <<<<<<]
[2025-05-08 18:13:03,234: INFO: common: yaml file: config\config.yaml loaded successfully]
[2025-05-08 18:13:03,235: INFO: common: yaml file: params.yaml loaded successfully]
[2025-05-08 18:13:03,236: INFO: common: created directory at: artifacts]
[2025-05-08 18:13:03,403: WARNING: saving_utils: Compiled the loaded model, but the compiled metrics have yet to be built. `model.compile_metrics` will be empty until you train or evaluate the model.]
[2025-05-08 18:13:52,622: INFO: common: json file saved at: scores.json]
[2025-05-08 18:13:52,622: INFO: common: json file saved at: scores.json]
[2025-05-08 18:14:35,654: INFO: main: >>>>>> stage Evaluation stage completed <<<<<<

x==========x]
[2025-05-12 17:35:27,594: INFO: data_ingestion: >>>>>> stage Data Ingestion stage started <<<<<<]
[2025-05-12 17:35:27,594: INFO: common: yaml file: config\config.yaml loaded successfully]
[2025-05-12 17:35:27,594: INFO: common: yaml file: params.yaml loaded successfully]
[2025-05-12 17:35:27,594: INFO: common: created directory at: artifacts]
[2025-05-12 17:35:27,607: INFO: common: created directory at: artifacts/data_ingestion]
[2025-05-12 17:35:27,607: INFO: data_ingestion_01: Downloading data from https://drive.google.com/file/d/1jLXfLmgCk23re3jmy7GeTviZq6BFnaDh/view?usp=drive_link into file artifacts/data_ingestion/data.zip]
[2025-05-12 17:35:53,409: INFO: data_ingestion_01: Downloaded data from https://drive.google.com/file/d/1jLXfLmgCk23re3jmy7GeTviZq6BFnaDh/view?usp=drive_link into file artifacts/data_ingestion/data.zip]
[2025-05-12 17:35:54,247: INFO: data_ingestion: >>>>>> stage Data Ingestion stage completed <<<<<<

x==========x]
[2025-05-12 17:38:27,309: INFO: data_ingestion: >>>>>> stage Data Ingestion stage started <<<<<<]
[2025-05-12 17:38:27,309: INFO: common: yaml file: config\config.yaml loaded successfully]
[2025-05-12 17:38:27,309: INFO: common: yaml file: params.yaml loaded successfully]
[2025-05-12 17:38:27,309: INFO: common: created directory at: artifacts]
[2025-05-12 17:38:27,309: INFO: common: created directory at: artifacts/data_ingestion]
[2025-05-12 17:38:27,309: INFO: data_ingestion_01: Downloading data from https://drive.google.com/file/d/1jLXfLmgCk23re3jmy7GeTviZq6BFnaDh/view?usp=drive_link into file artifacts/data_ingestion/data.zip]
[2025-05-12 17:39:01,027: INFO: data_ingestion_01: Downloaded data from https://drive.google.com/file/d/1jLXfLmgCk23re3jmy7GeTviZq6BFnaDh/view?usp=drive_link into file artifacts/data_ingestion/data.zip]
[2025-05-12 17:39:01,794: INFO: data_ingestion: >>>>>> stage Data Ingestion stage completed <<<<<<

x==========x]
[2025-05-12 17:39:24,310: INFO: prepare_base_model: *******************]
[2025-05-12 17:39:24,310: INFO: prepare_base_model: >>>>>> stage Prepare base model started <<<<<<]
[2025-05-12 17:39:24,315: INFO: common: yaml file: config\config.yaml loaded successfully]
[2025-05-12 17:39:24,316: INFO: common: yaml file: params.yaml loaded successfully]
[2025-05-12 17:39:24,318: INFO: common: created directory at: artifacts]
[2025-05-12 17:39:24,318: INFO: common: created directory at: artifacts/prepare_base_model]
[2025-05-12 17:39:25,013: WARNING: saving_api: You are saving your model as an HDF5 file via `model.save()` or `keras.saving.save_model(model)`. This file format is considered legacy. We recommend using instead the native Keras format, e.g. `model.save('my_model.keras')` or `keras.saving.save_model(model, 'my_model.keras')`. ]
[2025-05-12 17:39:25,189: WARNING: saving_api: You are saving your model as an HDF5 file via `model.save()` or `keras.saving.save_model(model)`. This file format is considered legacy. We recommend using instead the native Keras format, e.g. `model.save('my_model.keras')` or `keras.saving.save_model(model, 'my_model.keras')`. ]
[2025-05-12 17:39:25,294: INFO: prepare_base_model: >>>>>> stage Prepare base model completed <<<<<<

x==========x]
[2025-05-12 17:45:59,678: INFO: prepare_base_model: *******************]
[2025-05-12 17:45:59,678: INFO: prepare_base_model: >>>>>> stage Prepare base model started <<<<<<]
[2025-05-12 17:45:59,678: INFO: common: yaml file: config\config.yaml loaded successfully]
[2025-05-12 17:45:59,678: INFO: common: yaml file: params.yaml loaded successfully]
[2025-05-12 17:45:59,678: INFO: common: created directory at: artifacts]
[2025-05-12 17:45:59,678: INFO: common: created directory at: artifacts/prepare_base_model]
[2025-05-12 17:46:00,105: WARNING: saving_api: You are saving your model as an HDF5 file via `model.save()` or `keras.saving.save_model(model)`. This file format is considered legacy. We recommend using instead the native Keras format, e.g. `model.save('my_model.keras')` or `keras.saving.save_model(model, 'my_model.keras')`. ]
[2025-05-12 17:46:00,274: WARNING: saving_api: You are saving your model as an HDF5 file via `model.save()` or `keras.saving.save_model(model)`. This file format is considered legacy. We recommend using instead the native Keras format, e.g. `model.save('my_model.keras')` or `keras.saving.save_model(model, 'my_model.keras')`. ]
[2025-05-12 17:46:00,371: INFO: prepare_base_model: >>>>>> stage Prepare base model completed <<<<<<

x==========x]
[2025-05-12 17:47:55,436: INFO: prepare_base_model: *******************]
[2025-05-12 17:47:55,436: INFO: prepare_base_model: >>>>>> stage Prepare base model started <<<<<<]
[2025-05-12 17:47:55,436: INFO: common: yaml file: config\config.yaml loaded successfully]
[2025-05-12 17:47:55,436: INFO: common: yaml file: params.yaml loaded successfully]
[2025-05-12 17:47:55,436: INFO: common: created directory at: artifacts]
[2025-05-12 17:47:55,445: INFO: common: created directory at: artifacts/prepare_base_model]
[2025-05-12 17:47:55,836: WARNING: saving_api: You are saving your model as an HDF5 file via `model.save()` or `keras.saving.save_model(model)`. This file format is considered legacy. We recommend using instead the native Keras format, e.g. `model.save('my_model.keras')` or `keras.saving.save_model(model, 'my_model.keras')`. ]
[2025-05-12 17:47:55,986: WARNING: saving_api: You are saving your model as an HDF5 file via `model.save()` or `keras.saving.save_model(model)`. This file format is considered legacy. We recommend using instead the native Keras format, e.g. `model.save('my_model.keras')` or `keras.saving.save_model(model, 'my_model.keras')`. ]
[2025-05-12 17:47:56,086: INFO: prepare_base_model: >>>>>> stage Prepare base model completed <<<<<<

x==========x]
[2025-05-12 17:52:18,864: INFO: prepare_base_model: *******************]
[2025-05-12 17:52:18,864: INFO: prepare_base_model: >>>>>> stage Prepare base model started <<<<<<]
[2025-05-12 17:52:18,864: INFO: common: yaml file: config\config.yaml loaded successfully]
[2025-05-12 17:52:18,864: INFO: common: yaml file: params.yaml loaded successfully]
[2025-05-12 17:52:18,864: INFO: common: created directory at: artifacts]
[2025-05-12 17:52:18,864: INFO: common: created directory at: artifacts/prepare_base_model]
[2025-05-12 17:52:19,318: WARNING: saving_api: You are saving your model as an HDF5 file via `model.save()` or `keras.saving.save_model(model)`. This file format is considered legacy. We recommend using instead the native Keras format, e.g. `model.save('my_model.keras')` or `keras.saving.save_model(model, 'my_model.keras')`. ]
[2025-05-12 17:52:19,474: WARNING: saving_api: You are saving your model as an HDF5 file via `model.save()` or `keras.saving.save_model(model)`. This file format is considered legacy. We recommend using instead the native Keras format, e.g. `model.save('my_model.keras')` or `keras.saving.save_model(model, 'my_model.keras')`. ]
[2025-05-12 17:52:19,568: INFO: prepare_base_model: >>>>>> stage Prepare base model completed <<<<<<

x==========x]
[2025-05-12 18:00:28,951: INFO: prepare_base_model: *******************]
[2025-05-12 18:00:28,951: INFO: prepare_base_model: >>>>>> stage Prepare base model started <<<<<<]
[2025-05-12 18:00:28,953: INFO: common: yaml file: config\config.yaml loaded successfully]
[2025-05-12 18:00:28,956: INFO: common: yaml file: params.yaml loaded successfully]
[2025-05-12 18:00:28,957: INFO: common: created directory at: artifacts]
[2025-05-12 18:00:28,958: INFO: common: created directory at: artifacts/prepare_base_model]
[2025-05-12 18:00:29,388: WARNING: saving_api: You are saving your model as an HDF5 file via `model.save()` or `keras.saving.save_model(model)`. This file format is considered legacy. We recommend using instead the native Keras format, e.g. `model.save('my_model.keras')` or `keras.saving.save_model(model, 'my_model.keras')`. ]
[2025-05-12 18:00:29,765: WARNING: saving_api: You are saving your model as an HDF5 file via `model.save()` or `keras.saving.save_model(model)`. This file format is considered legacy. We recommend using instead the native Keras format, e.g. `model.save('my_model.keras')` or `keras.saving.save_model(model, 'my_model.keras')`. ]
[2025-05-12 18:00:29,929: INFO: prepare_base_model: >>>>>> stage Prepare base model completed <<<<<<

x==========x]
